mode: set
_/Users/james/go/src/github.com/jzarakas/goIRC/bus.go:47.33,49.2 1 0
_/Users/james/go/src/github.com/jzarakas/goIRC/bus.go:51.36,53.2 1 0
_/Users/james/go/src/github.com/jzarakas/goIRC/bus.go:55.35,57.2 1 1
_/Users/james/go/src/github.com/jzarakas/goIRC/bus.go:59.43,60.26 1 0
_/Users/james/go/src/github.com/jzarakas/goIRC/bus.go:60.26,62.3 1 0
_/Users/james/go/src/github.com/jzarakas/goIRC/bus.go:65.38,66.26 1 0
_/Users/james/go/src/github.com/jzarakas/goIRC/bus.go:67.2,70.17 2 0
_/Users/james/go/src/github.com/jzarakas/goIRC/bus.go:73.2,75.17 2 0
_/Users/james/go/src/github.com/jzarakas/goIRC/bus.go:78.2,80.17 2 0
_/Users/james/go/src/github.com/jzarakas/goIRC/bus.go:83.2,84.41 1 0
_/Users/james/go/src/github.com/jzarakas/goIRC/bus.go:70.17,72.4 1 0
_/Users/james/go/src/github.com/jzarakas/goIRC/bus.go:75.17,77.4 1 0
_/Users/james/go/src/github.com/jzarakas/goIRC/bus.go:80.17,82.4 1 0
_/Users/james/go/src/github.com/jzarakas/goIRC/bus.go:87.44,89.63 2 0
_/Users/james/go/src/github.com/jzarakas/goIRC/bus.go:92.2,92.32 1 0
_/Users/james/go/src/github.com/jzarakas/goIRC/bus.go:89.63,91.3 1 0
_/Users/james/go/src/github.com/jzarakas/goIRC/bus.go:95.77,97.2 1 1
_/Users/james/go/src/github.com/jzarakas/goIRC/bus.go:99.79,103.54 2 0
_/Users/james/go/src/github.com/jzarakas/goIRC/bus.go:110.2,110.12 1 0
_/Users/james/go/src/github.com/jzarakas/goIRC/bus.go:103.54,104.44 1 0
_/Users/james/go/src/github.com/jzarakas/goIRC/bus.go:104.44,106.9 2 0
_/Users/james/go/src/github.com/jzarakas/goIRC/bus.go:110.12,118.3 6 0
_/Users/james/go/src/github.com/jzarakas/goIRC/bus.go:124.13,126.2 1 1
_/Users/james/go/src/github.com/jzarakas/goIRC/bus.go:127.13,133.16 3 0
_/Users/james/go/src/github.com/jzarakas/goIRC/bus.go:136.2,136.6 1 0
_/Users/james/go/src/github.com/jzarakas/goIRC/bus.go:133.16,135.3 1 0
_/Users/james/go/src/github.com/jzarakas/goIRC/bus.go:136.6,138.17 2 0
_/Users/james/go/src/github.com/jzarakas/goIRC/bus.go:141.3,141.35 1 0
_/Users/james/go/src/github.com/jzarakas/goIRC/bus.go:138.17,140.4 1 0
_/Users/james/go/src/github.com/jzarakas/goIRC/connection.go:29.33,32.2 1 0
_/Users/james/go/src/github.com/jzarakas/goIRC/connection.go:34.66,56.6 17 0
_/Users/james/go/src/github.com/jzarakas/goIRC/connection.go:56.6,58.17 2 0
_/Users/james/go/src/github.com/jzarakas/goIRC/connection.go:62.3,66.23 3 0
_/Users/james/go/src/github.com/jzarakas/goIRC/connection.go:58.17,60.4 1 0
_/Users/james/go/src/github.com/jzarakas/goIRC/connection.go:66.23,68.12 2 0
_/Users/james/go/src/github.com/jzarakas/goIRC/connection.go:69.4,69.30 1 0
_/Users/james/go/src/github.com/jzarakas/goIRC/connection.go:69.30,72.37 3 0
_/Users/james/go/src/github.com/jzarakas/goIRC/connection.go:72.37,74.5 1 0
_/Users/james/go/src/github.com/jzarakas/goIRC/connection.go:75.4,76.38 1 0
_/Users/james/go/src/github.com/jzarakas/goIRC/connection.go:76.38,80.22 4 0
_/Users/james/go/src/github.com/jzarakas/goIRC/connection.go:81.5,84.34 2 0
_/Users/james/go/src/github.com/jzarakas/goIRC/connection.go:85.5,98.26 12 0
_/Users/james/go/src/github.com/jzarakas/goIRC/connection.go:99.5,108.26 8 0
_/Users/james/go/src/github.com/jzarakas/goIRC/connection.go:112.5,113.64 1 0
_/Users/james/go/src/github.com/jzarakas/goIRC/connection.go:116.5,121.19 3 0
_/Users/james/go/src/github.com/jzarakas/goIRC/connection.go:124.5,125.19 2 0
_/Users/james/go/src/github.com/jzarakas/goIRC/connection.go:130.5,131.35 2 0
_/Users/james/go/src/github.com/jzarakas/goIRC/connection.go:121.19,123.6 1 0
_/Users/james/go/src/github.com/jzarakas/goIRC/connection.go:125.19,128.14 3 0
_/Users/james/go/src/github.com/jzarakas/goIRC/connection.go:131.35,133.6 1 0
_/Users/james/go/src/github.com/jzarakas/goIRC/connection.go:140.82,142.9 2 1
_/Users/james/go/src/github.com/jzarakas/goIRC/connection.go:145.2,145.11 1 1
_/Users/james/go/src/github.com/jzarakas/goIRC/connection.go:142.9,144.3 1 1
_/Users/james/go/src/github.com/jzarakas/goIRC/connection.go:149.78,150.48 1 1
_/Users/james/go/src/github.com/jzarakas/goIRC/connection.go:155.2,155.14 1 1
_/Users/james/go/src/github.com/jzarakas/goIRC/connection.go:150.48,151.18 1 1
_/Users/james/go/src/github.com/jzarakas/goIRC/connection.go:151.18,153.4 1 1
_/Users/james/go/src/github.com/jzarakas/goIRC/connection.go:159.36,161.2 1 1
_/Users/james/go/src/github.com/jzarakas/goIRC/connection.go:162.87,165.9 3 0
_/Users/james/go/src/github.com/jzarakas/goIRC/connection.go:168.2,168.64 1 0
_/Users/james/go/src/github.com/jzarakas/goIRC/connection.go:171.2,179.42 7 0
_/Users/james/go/src/github.com/jzarakas/goIRC/connection.go:165.9,167.3 1 0
_/Users/james/go/src/github.com/jzarakas/goIRC/connection.go:168.64,170.3 1 0
_/Users/james/go/src/github.com/jzarakas/goIRC/connection.go:179.42,182.3 2 0
_/Users/james/go/src/github.com/jzarakas/goIRC/connection.go:185.87,187.2 1 0
_/Users/james/go/src/github.com/jzarakas/goIRC/connection.go:189.87,191.2 0 0
_/Users/james/go/src/github.com/jzarakas/goIRC/connection.go:193.87,195.24 2 0
_/Users/james/go/src/github.com/jzarakas/goIRC/connection.go:198.2,200.9 3 0
_/Users/james/go/src/github.com/jzarakas/goIRC/connection.go:207.2,207.52 1 0
_/Users/james/go/src/github.com/jzarakas/goIRC/connection.go:195.24,197.3 1 0
_/Users/james/go/src/github.com/jzarakas/goIRC/connection.go:200.9,204.3 3 0
_/Users/james/go/src/github.com/jzarakas/goIRC/connection.go:204.3,206.3 1 0
_/Users/james/go/src/github.com/jzarakas/goIRC/connection.go:207.52,217.58 8 0
_/Users/james/go/src/github.com/jzarakas/goIRC/connection.go:220.3,225.39 5 0
_/Users/james/go/src/github.com/jzarakas/goIRC/connection.go:217.58,219.4 1 0
_/Users/james/go/src/github.com/jzarakas/goIRC/connection.go:230.88,232.9 2 0
_/Users/james/go/src/github.com/jzarakas/goIRC/connection.go:235.2,235.61 1 0
_/Users/james/go/src/github.com/jzarakas/goIRC/connection.go:239.2,239.19 1 0
_/Users/james/go/src/github.com/jzarakas/goIRC/connection.go:232.9,234.3 1 0
_/Users/james/go/src/github.com/jzarakas/goIRC/connection.go:235.61,237.3 1 0
_/Users/james/go/src/github.com/jzarakas/goIRC/connection.go:239.19,243.3 3 0
_/Users/james/go/src/github.com/jzarakas/goIRC/connection.go:243.3,246.3 2 0
_/Users/james/go/src/github.com/jzarakas/goIRC/connection.go:250.87,253.2 2 1
_/Users/james/go/src/github.com/jzarakas/goIRC/connection.go:255.86,257.9 2 0
_/Users/james/go/src/github.com/jzarakas/goIRC/connection.go:260.2,260.24 1 0
_/Users/james/go/src/github.com/jzarakas/goIRC/connection.go:265.2,265.63 1 0
_/Users/james/go/src/github.com/jzarakas/goIRC/connection.go:268.2,269.73 2 0
_/Users/james/go/src/github.com/jzarakas/goIRC/connection.go:257.9,259.3 1 0
_/Users/james/go/src/github.com/jzarakas/goIRC/connection.go:260.24,264.3 3 0
_/Users/james/go/src/github.com/jzarakas/goIRC/connection.go:265.63,267.3 1 0
_/Users/james/go/src/github.com/jzarakas/goIRC/connection.go:273.87,274.21 1 0
_/Users/james/go/src/github.com/jzarakas/goIRC/connection.go:274.21,276.3 1 0
_/Users/james/go/src/github.com/jzarakas/goIRC/connection.go:276.3,278.27 2 0
_/Users/james/go/src/github.com/jzarakas/goIRC/connection.go:283.3,283.45 1 0
_/Users/james/go/src/github.com/jzarakas/goIRC/connection.go:278.27,279.20 1 0
_/Users/james/go/src/github.com/jzarakas/goIRC/connection.go:279.20,281.5 1 0
_/Users/james/go/src/github.com/jzarakas/goIRC/connection.go:288.87,290.9 2 0
_/Users/james/go/src/github.com/jzarakas/goIRC/connection.go:290.9,292.23 2 0
_/Users/james/go/src/github.com/jzarakas/goIRC/connection.go:292.23,294.4 1 0
_/Users/james/go/src/github.com/jzarakas/goIRC/connection.go:295.3,297.3 1 0
_/Users/james/go/src/github.com/jzarakas/goIRC/responses.go:25.21,42.37 15 1
_/Users/james/go/src/github.com/jzarakas/goIRC/responses.go:42.37,44.3 1 1
_/Users/james/go/src/github.com/jzarakas/goIRC/responses.go:47.30,52.28 4 0
_/Users/james/go/src/github.com/jzarakas/goIRC/responses.go:52.28,54.3 1 0
